Using pre-set license
Built from '2020.3/staging' branch; Version is '2020.3.10f1 (297d780c91bc) revision 2719096'; Using compiler version '192528614'; Build Type 'Release'
OS: 'Windows 10 Home; OS build 19042.985; Version 2009; 64bit' Language: 'en' Physical Memory: 16337 MB
BatchMode: 1, IsHumanControllingUs: 0, StartBugReporterOnCrash: 0, Is64bit: 1, IsPro: 0

 COMMAND LINE ARGUMENTS:
C:\Program Files\Unity\Hub\Editor\2020.3.10f1\Editor\Unity.exe
-adb2
-batchMode
-noUpm
-name
AssetImportWorker0
-projectPath
C:/Users/Pedro/Documents/GitHub/Asteroid-Miner/Asteroid_Miner
-logFile
Logs/AssetImportWorker0.log
-srvPort
61875
Successfully changed project path to: C:/Users/Pedro/Documents/GitHub/Asteroid-Miner/Asteroid_Miner
C:/Users/Pedro/Documents/GitHub/Asteroid-Miner/Asteroid_Miner
Using Asset Import Pipeline V2.
Refreshing native plugins compatible for Editor in 41.53 ms, found 3 plugins.
Preloading 0 native plugins for Editor in 0.00 ms.
Initialize engine version: 2020.3.10f1 (297d780c91bc)
[Subsystems] Discovering subsystems at path C:/Program Files/Unity/Hub/Editor/2020.3.10f1/Editor/Data/Resources/UnitySubsystems
[Subsystems] Discovering subsystems at path C:/Users/Pedro/Documents/GitHub/Asteroid-Miner/Asteroid_Miner/Assets
GfxDevice: creating device client; threaded=0
Direct3D:
    Version:  Direct3D 11.0 [level 11.1]
    Renderer: NVIDIA GeForce GTX 970 (ID=0x13c2)
    Vendor:   
    VRAM:     4043 MB
    Driver:   27.21.14.5730
Initialize mono
Mono path[0] = 'C:/Program Files/Unity/Hub/Editor/2020.3.10f1/Editor/Data/Managed'
Mono path[1] = 'C:/Program Files/Unity/Hub/Editor/2020.3.10f1/Editor/Data/MonoBleedingEdge/lib/mono/unityjit'
Mono config path = 'C:/Program Files/Unity/Hub/Editor/2020.3.10f1/Editor/Data/MonoBleedingEdge/etc'
Using monoOptions --debugger-agent=transport=dt_socket,embedding=1,server=y,suspend=n,address=127.0.0.1:56124
Begin MonoManager ReloadAssembly
Registering precompiled unity dll's ...
Register platform support module: C:/Program Files/Unity/Hub/Editor/2020.3.10f1/Editor/Data/PlaybackEngines/WindowsStandaloneSupport/UnityEditor.WindowsStandalone.Extensions.dll
Registered in 0.001893 seconds.
Native extension for WindowsStandalone target not found
Refreshing native plugins compatible for Editor in 35.73 ms, found 3 plugins.
Preloading 0 native plugins for Editor in 0.00 ms.
Mono: successfully reloaded assembly
- Completed reload, in  0.974 seconds
Platform modules already initialized, skipping
Registering precompiled user dll's ...
Registered in 0.004293 seconds.
Begin MonoManager ReloadAssembly
Native extension for WindowsStandalone target not found
Refreshing native plugins compatible for Editor in 39.20 ms, found 3 plugins.
Preloading 0 native plugins for Editor in 0.00 ms.
Mono: successfully reloaded assembly
- Completed reload, in  1.124 seconds
Platform modules already initialized, skipping
========================================================================
Worker process is ready to serve import requests
Launched and connected shader compiler UnityShaderCompiler.exe after 0.04 seconds
Refreshing native plugins compatible for Editor in 0.41 ms, found 3 plugins.
Preloading 0 native plugins for Editor in 0.00 ms.
Unloading 2083 Unused Serialized files (Serialized files now loaded: 0)
System memory in use before: 93.6 MB.
System memory in use after: 93.7 MB.

Unloading 28 unused Assets to reduce memory usage. Loaded Objects now: 2527.
Total: 2.431400 ms (FindLiveObjects: 0.207300 ms CreateObjectMapping: 0.085900 ms MarkObjects: 2.014200 ms  DeleteObjects: 0.123300 ms)

========================================================================
Received Import Request.
  path: Assets/Seamless starlight.mat
  artifactKey: Guid(f3aa483725dfcf14a9cdbf7909ab3c44) Importer(815301076,1909f56bfc062723c751e8b465ee728b)
Start importing Assets/Seamless starlight.mat using Guid(f3aa483725dfcf14a9cdbf7909ab3c44) Importer(815301076,1909f56bfc062723c751e8b465ee728b)  -> (artifact id: 'cefa301a4312b564b83b02565dfa56aa') in 0.141490 seconds
  Import took 0.144772 seconds .

========================================================================
Received Import Request.
  Time since last request: 0.000317 seconds.
  path: Assets/Nebula.mat
  artifactKey: Guid(2c379a861804ec64caefab8cc98e586b) Importer(815301076,1909f56bfc062723c751e8b465ee728b)
Start importing Assets/Nebula.mat using Guid(2c379a861804ec64caefab8cc98e586b) Importer(815301076,1909f56bfc062723c751e8b465ee728b)  -> (artifact id: '5a209cde72e66c5b3ac77ae445ec1758') in 0.032563 seconds
  Import took 0.035743 seconds .

========================================================================
Received Import Request.
  Time since last request: 0.000276 seconds.
  path: Assets/nebula 2.mat
  artifactKey: Guid(a109f1101fb561c40b52ddf8c1aab2a1) Importer(815301076,1909f56bfc062723c751e8b465ee728b)
Start importing Assets/nebula 2.mat using Guid(a109f1101fb561c40b52ddf8c1aab2a1) Importer(815301076,1909f56bfc062723c751e8b465ee728b)  -> (artifact id: 'e9473cc99bf98b0408444dbd5173f7a8') in 0.018859 seconds
  Import took 0.021701 seconds .

========================================================================
Received Prepare
Registering precompiled user dll's ...
Registered in 0.004219 seconds.
Begin MonoManager ReloadAssembly
Native extension for WindowsStandalone target not found
Refreshing native plugins compatible for Editor in 0.60 ms, found 3 plugins.
Preloading 0 native plugins for Editor in 0.00 ms.
Mono: successfully reloaded assembly
- Completed reload, in  1.137 seconds
Platform modules already initialized, skipping
Refreshing native plugins compatible for Editor in 0.41 ms, found 3 plugins.
Preloading 0 native plugins for Editor in 0.00 ms.
Unloading 2074 Unused Serialized files (Serialized files now loaded: 0)
System memory in use before: 96.3 MB.
System memory in use after: 96.4 MB.

Unloading 17 unused Assets to reduce memory usage. Loaded Objects now: 2570.
Total: 2.613400 ms (FindLiveObjects: 0.214500 ms CreateObjectMapping: 0.064300 ms MarkObjects: 2.304000 ms  DeleteObjects: 0.029400 ms)

========================================================================
Received Import Request.
  Time since last request: 1703.943494 seconds.
  path: Assets/Scenes/SampleScene.unity
  artifactKey: Guid(2cda990e2423bbf4892e6590ba056729) Importer(815301076,1909f56bfc062723c751e8b465ee728b)
Start importing Assets/Scenes/SampleScene.unity using Guid(2cda990e2423bbf4892e6590ba056729) Importer(815301076,1909f56bfc062723c751e8b465ee728b)  -> (artifact id: '51321f9c4df217b5251fb26855e22cb7') in 0.020230 seconds
  Import took 0.024991 seconds .

========================================================================
Received Import Request.
  Time since last request: 11.723223 seconds.
  path: Assets/Scenes/Prototype Scene.unity
  artifactKey: Guid(2cda990e2423bbf4892e6590ba056729) Importer(815301076,1909f56bfc062723c751e8b465ee728b)
Start importing Assets/Scenes/Prototype Scene.unity using Guid(2cda990e2423bbf4892e6590ba056729) Importer(815301076,1909f56bfc062723c751e8b465ee728b)  -> (artifact id: 'fdf134a401884d19e1690ad7ee4e6112') in 0.008094 seconds
  Import took 0.011752 seconds .

========================================================================
Received Prepare
Registering precompiled user dll's ...
Registered in 0.005757 seconds.
Begin MonoManager ReloadAssembly
Native extension for WindowsStandalone target not found
Refreshing native plugins compatible for Editor in 0.40 ms, found 3 plugins.
Preloading 0 native plugins for Editor in 0.00 ms.
Mono: successfully reloaded assembly
- Completed reload, in  1.004 seconds
Platform modules already initialized, skipping
Refreshing native plugins compatible for Editor in 0.41 ms, found 3 plugins.
Preloading 0 native plugins for Editor in 0.00 ms.
Unloading 2074 Unused Serialized files (Serialized files now loaded: 0)
System memory in use before: 96.4 MB.
System memory in use after: 96.5 MB.

Unloading 17 unused Assets to reduce memory usage. Loaded Objects now: 2573.
Total: 2.037900 ms (FindLiveObjects: 0.203700 ms CreateObjectMapping: 0.073100 ms MarkObjects: 1.741700 ms  DeleteObjects: 0.018400 ms)

========================================================================
Received Prepare
Registering precompiled user dll's ...
Registered in 0.005271 seconds.
Begin MonoManager ReloadAssembly
Native extension for WindowsStandalone target not found
Refreshing native plugins compatible for Editor in 0.60 ms, found 3 plugins.
Preloading 0 native plugins for Editor in 0.00 ms.
Mono: successfully reloaded assembly
- Completed reload, in  1.246 seconds
Platform modules already initialized, skipping
Refreshing native plugins compatible for Editor in 0.52 ms, found 3 plugins.
Preloading 0 native plugins for Editor in 0.00 ms.
Unloading 2074 Unused Serialized files (Serialized files now loaded: 0)
System memory in use before: 96.4 MB.
System memory in use after: 96.5 MB.

Unloading 17 unused Assets to reduce memory usage. Loaded Objects now: 2576.
Total: 2.315600 ms (FindLiveObjects: 0.259000 ms CreateObjectMapping: 0.092900 ms MarkObjects: 1.943200 ms  DeleteObjects: 0.019400 ms)

========================================================================
Received Prepare
Registering precompiled user dll's ...
Registered in 0.003777 seconds.
Begin MonoManager ReloadAssembly
Native extension for WindowsStandalone target not found
Refreshing native plugins compatible for Editor in 0.45 ms, found 3 plugins.
Preloading 0 native plugins for Editor in 0.00 ms.
Mono: successfully reloaded assembly
- Completed reload, in  0.940 seconds
Platform modules already initialized, skipping
Refreshing native plugins compatible for Editor in 0.50 ms, found 3 plugins.
Preloading 0 native plugins for Editor in 0.00 ms.
Unloading 2074 Unused Serialized files (Serialized files now loaded: 0)
System memory in use before: 96.4 MB.
System memory in use after: 96.5 MB.

Unloading 17 unused Assets to reduce memory usage. Loaded Objects now: 2579.
Total: 2.186800 ms (FindLiveObjects: 0.269100 ms CreateObjectMapping: 0.059400 ms MarkObjects: 1.841700 ms  DeleteObjects: 0.015800 ms)

========================================================================
Received Prepare
Registering precompiled user dll's ...
Registered in 0.005252 seconds.
Begin MonoManager ReloadAssembly
Native extension for WindowsStandalone target not found
Refreshing native plugins compatible for Editor in 0.56 ms, found 3 plugins.
Preloading 0 native plugins for Editor in 0.00 ms.
Mono: successfully reloaded assembly
- Completed reload, in  1.043 seconds
Platform modules already initialized, skipping
Refreshing native plugins compatible for Editor in 0.40 ms, found 3 plugins.
Preloading 0 native plugins for Editor in 0.00 ms.
Unloading 2074 Unused Serialized files (Serialized files now loaded: 0)
System memory in use before: 96.4 MB.
System memory in use after: 96.5 MB.

Unloading 17 unused Assets to reduce memory usage. Loaded Objects now: 2582.
Total: 2.534100 ms (FindLiveObjects: 0.197200 ms CreateObjectMapping: 0.063100 ms MarkObjects: 2.232900 ms  DeleteObjects: 0.040000 ms)

========================================================================
Received Prepare
Registering precompiled user dll's ...
Registered in 0.004118 seconds.
Begin MonoManager ReloadAssembly
Native extension for WindowsStandalone target not found
Refreshing native plugins compatible for Editor in 0.40 ms, found 3 plugins.
Preloading 0 native plugins for Editor in 0.00 ms.
Mono: successfully reloaded assembly
- Completed reload, in  0.910 seconds
Platform modules already initialized, skipping
Refreshing native plugins compatible for Editor in 0.41 ms, found 3 plugins.
Preloading 0 native plugins for Editor in 0.00 ms.
Unloading 2074 Unused Serialized files (Serialized files now loaded: 0)
System memory in use before: 96.4 MB.
System memory in use after: 96.5 MB.

Unloading 17 unused Assets to reduce memory usage. Loaded Objects now: 2585.
Total: 2.266400 ms (FindLiveObjects: 0.219600 ms CreateObjectMapping: 0.062500 ms MarkObjects: 1.943200 ms  DeleteObjects: 0.040100 ms)

========================================================================
Received Prepare
Registering precompiled user dll's ...
Registered in 0.004323 seconds.
Begin MonoManager ReloadAssembly
Native extension for WindowsStandalone target not found
Refreshing native plugins compatible for Editor in 0.41 ms, found 3 plugins.
Preloading 0 native plugins for Editor in 0.00 ms.
Mono: successfully reloaded assembly
- Completed reload, in  0.941 seconds
Platform modules already initialized, skipping
Refreshing native plugins compatible for Editor in 0.40 ms, found 3 plugins.
Preloading 0 native plugins for Editor in 0.00 ms.
Unloading 2074 Unused Serialized files (Serialized files now loaded: 0)
System memory in use before: 96.4 MB.
System memory in use after: 96.5 MB.

Unloading 17 unused Assets to reduce memory usage. Loaded Objects now: 2588.
Total: 2.352300 ms (FindLiveObjects: 0.196000 ms CreateObjectMapping: 0.066000 ms MarkObjects: 2.073200 ms  DeleteObjects: 0.016300 ms)

========================================================================
Received Prepare
Registering precompiled user dll's ...
Registered in 0.004018 seconds.
Begin MonoManager ReloadAssembly
Native extension for WindowsStandalone target not found
Refreshing native plugins compatible for Editor in 0.41 ms, found 3 plugins.
Preloading 0 native plugins for Editor in 0.00 ms.
Mono: successfully reloaded assembly
- Completed reload, in  0.953 seconds
Platform modules already initialized, skipping
Refreshing native plugins compatible for Editor in 0.42 ms, found 3 plugins.
Preloading 0 native plugins for Editor in 0.00 ms.
Unloading 2074 Unused Serialized files (Serialized files now loaded: 0)
System memory in use before: 96.4 MB.
System memory in use after: 96.5 MB.

Unloading 17 unused Assets to reduce memory usage. Loaded Objects now: 2591.
Total: 2.094200 ms (FindLiveObjects: 0.217200 ms CreateObjectMapping: 0.068000 ms MarkObjects: 1.792400 ms  DeleteObjects: 0.015600 ms)

========================================================================
Received Prepare
Registering precompiled user dll's ...
Registered in 0.003939 seconds.
Begin MonoManager ReloadAssembly
Native extension for WindowsStandalone target not found
Refreshing native plugins compatible for Editor in 0.43 ms, found 3 plugins.
Preloading 0 native plugins for Editor in 0.00 ms.
Mono: successfully reloaded assembly
- Completed reload, in  0.935 seconds
Platform modules already initialized, skipping
Refreshing native plugins compatible for Editor in 0.41 ms, found 3 plugins.
Preloading 0 native plugins for Editor in 0.00 ms.
Unloading 2074 Unused Serialized files (Serialized files now loaded: 0)
System memory in use before: 96.4 MB.
System memory in use after: 96.6 MB.

Unloading 17 unused Assets to reduce memory usage. Loaded Objects now: 2594.
Total: 1.980100 ms (FindLiveObjects: 0.188700 ms CreateObjectMapping: 0.079100 ms MarkObjects: 1.696100 ms  DeleteObjects: 0.015400 ms)

========================================================================
Received Prepare
Registering precompiled user dll's ...
Registered in 0.004039 seconds.
Begin MonoManager ReloadAssembly
Native extension for WindowsStandalone target not found
Refreshing native plugins compatible for Editor in 0.40 ms, found 3 plugins.
Preloading 0 native plugins for Editor in 0.00 ms.
Mono: successfully reloaded assembly
- Completed reload, in  0.932 seconds
Platform modules already initialized, skipping
Refreshing native plugins compatible for Editor in 0.41 ms, found 3 plugins.
Preloading 0 native plugins for Editor in 0.00 ms.
Unloading 2074 Unused Serialized files (Serialized files now loaded: 0)
System memory in use before: 96.4 MB.
System memory in use after: 96.6 MB.

Unloading 17 unused Assets to reduce memory usage. Loaded Objects now: 2597.
Total: 2.318300 ms (FindLiveObjects: 0.246200 ms CreateObjectMapping: 0.080100 ms MarkObjects: 1.974100 ms  DeleteObjects: 0.016700 ms)

========================================================================
Received Prepare
Registering precompiled user dll's ...
Registered in 0.003882 seconds.
Begin MonoManager ReloadAssembly
Native extension for WindowsStandalone target not found
Refreshing native plugins compatible for Editor in 0.43 ms, found 3 plugins.
Preloading 0 native plugins for Editor in 0.00 ms.
Mono: successfully reloaded assembly
- Completed reload, in  0.935 seconds
Platform modules already initialized, skipping
Refreshing native plugins compatible for Editor in 0.44 ms, found 3 plugins.
Preloading 0 native plugins for Editor in 0.00 ms.
Unloading 2074 Unused Serialized files (Serialized files now loaded: 0)
System memory in use before: 96.5 MB.
System memory in use after: 96.6 MB.

Unloading 17 unused Assets to reduce memory usage. Loaded Objects now: 2600.
Total: 2.276000 ms (FindLiveObjects: 0.287800 ms CreateObjectMapping: 0.082400 ms MarkObjects: 1.889100 ms  DeleteObjects: 0.015900 ms)

========================================================================
Received Prepare
Registering precompiled user dll's ...
Registered in 0.003917 seconds.
Begin MonoManager ReloadAssembly
Native extension for WindowsStandalone target not found
Refreshing native plugins compatible for Editor in 0.41 ms, found 3 plugins.
Preloading 0 native plugins for Editor in 0.00 ms.
Mono: successfully reloaded assembly
- Completed reload, in  0.960 seconds
Platform modules already initialized, skipping
Refreshing native plugins compatible for Editor in 0.55 ms, found 3 plugins.
Preloading 0 native plugins for Editor in 0.00 ms.
Unloading 2074 Unused Serialized files (Serialized files now loaded: 0)
System memory in use before: 96.5 MB.
System memory in use after: 96.6 MB.

Unloading 17 unused Assets to reduce memory usage. Loaded Objects now: 2603.
Total: 2.389100 ms (FindLiveObjects: 0.228800 ms CreateObjectMapping: 0.175600 ms MarkObjects: 1.966900 ms  DeleteObjects: 0.017000 ms)

========================================================================
Received Prepare
Registering precompiled user dll's ...
Registered in 0.004369 seconds.
Begin MonoManager ReloadAssembly
Native extension for WindowsStandalone target not found
Refreshing native plugins compatible for Editor in 0.41 ms, found 3 plugins.
Preloading 0 native plugins for Editor in 0.00 ms.
Mono: successfully reloaded assembly
- Completed reload, in  0.925 seconds
Platform modules already initialized, skipping
Refreshing native plugins compatible for Editor in 0.43 ms, found 3 plugins.
Preloading 0 native plugins for Editor in 0.00 ms.
Unloading 2074 Unused Serialized files (Serialized files now loaded: 0)
System memory in use before: 96.5 MB.
System memory in use after: 96.6 MB.

Unloading 17 unused Assets to reduce memory usage. Loaded Objects now: 2606.
Total: 2.246300 ms (FindLiveObjects: 0.199800 ms CreateObjectMapping: 0.097100 ms MarkObjects: 1.930600 ms  DeleteObjects: 0.017600 ms)

========================================================================
Received Prepare
Registering precompiled user dll's ...
Registered in 0.003954 seconds.
Begin MonoManager ReloadAssembly
Native extension for WindowsStandalone target not found
Refreshing native plugins compatible for Editor in 0.40 ms, found 3 plugins.
Preloading 0 native plugins for Editor in 0.00 ms.
Mono: successfully reloaded assembly
- Completed reload, in  0.941 seconds
Platform modules already initialized, skipping
Refreshing native plugins compatible for Editor in 0.41 ms, found 3 plugins.
Preloading 0 native plugins for Editor in 0.00 ms.
Unloading 2074 Unused Serialized files (Serialized files now loaded: 0)
System memory in use before: 96.5 MB.
System memory in use after: 96.6 MB.

Unloading 17 unused Assets to reduce memory usage. Loaded Objects now: 2609.
Total: 2.363400 ms (FindLiveObjects: 0.193900 ms CreateObjectMapping: 0.074100 ms MarkObjects: 2.054400 ms  DeleteObjects: 0.040300 ms)

========================================================================
Received Prepare
Registering precompiled user dll's ...
Registered in 0.003979 seconds.
Begin MonoManager ReloadAssembly
Native extension for WindowsStandalone target not found
Refreshing native plugins compatible for Editor in 0.40 ms, found 3 plugins.
Preloading 0 native plugins for Editor in 0.00 ms.
Mono: successfully reloaded assembly
- Completed reload, in  0.957 seconds
Platform modules already initialized, skipping
Refreshing native plugins compatible for Editor in 0.40 ms, found 3 plugins.
Preloading 0 native plugins for Editor in 0.00 ms.
Unloading 2074 Unused Serialized files (Serialized files now loaded: 0)
System memory in use before: 96.5 MB.
System memory in use after: 96.6 MB.

Unloading 17 unused Assets to reduce memory usage. Loaded Objects now: 2612.
Total: 2.489300 ms (FindLiveObjects: 0.273000 ms CreateObjectMapping: 0.057600 ms MarkObjects: 2.112200 ms  DeleteObjects: 0.045700 ms)

========================================================================
Received Prepare
Registering precompiled user dll's ...
Registered in 0.003914 seconds.
Begin MonoManager ReloadAssembly
Native extension for WindowsStandalone target not found
Refreshing native plugins compatible for Editor in 0.42 ms, found 3 plugins.
Preloading 0 native plugins for Editor in 0.00 ms.
Mono: successfully reloaded assembly
- Completed reload, in  0.964 seconds
Platform modules already initialized, skipping
Refreshing native plugins compatible for Editor in 0.41 ms, found 3 plugins.
Preloading 0 native plugins for Editor in 0.00 ms.
Unloading 2074 Unused Serialized files (Serialized files now loaded: 0)
System memory in use before: 96.5 MB.
System memory in use after: 96.6 MB.

Unloading 17 unused Assets to reduce memory usage. Loaded Objects now: 2615.
Total: 2.105000 ms (FindLiveObjects: 0.198500 ms CreateObjectMapping: 0.058000 ms MarkObjects: 1.833300 ms  DeleteObjects: 0.014500 ms)

========================================================================
Received Prepare
Registering precompiled user dll's ...
Registered in 0.004145 seconds.
Begin MonoManager ReloadAssembly
Native extension for WindowsStandalone target not found
Refreshing native plugins compatible for Editor in 0.45 ms, found 3 plugins.
Preloading 0 native plugins for Editor in 0.00 ms.
Mono: successfully reloaded assembly
- Completed reload, in  0.914 seconds
Platform modules already initialized, skipping
Refreshing native plugins compatible for Editor in 0.41 ms, found 3 plugins.
Preloading 0 native plugins for Editor in 0.00 ms.
Unloading 2074 Unused Serialized files (Serialized files now loaded: 0)
System memory in use before: 96.5 MB.
System memory in use after: 96.6 MB.

Unloading 17 unused Assets to reduce memory usage. Loaded Objects now: 2618.
Total: 2.543800 ms (FindLiveObjects: 0.188900 ms CreateObjectMapping: 0.070700 ms MarkObjects: 2.264100 ms  DeleteObjects: 0.018700 ms)

========================================================================
Received Prepare
Registering precompiled user dll's ...
Registered in 0.003759 seconds.
Begin MonoManager ReloadAssembly
Native extension for WindowsStandalone target not found
Refreshing native plugins compatible for Editor in 0.40 ms, found 3 plugins.
Preloading 0 native plugins for Editor in 0.00 ms.
Mono: successfully reloaded assembly
- Completed reload, in  0.928 seconds
Platform modules already initialized, skipping
Refreshing native plugins compatible for Editor in 0.42 ms, found 3 plugins.
Preloading 0 native plugins for Editor in 0.00 ms.
Unloading 2074 Unused Serialized files (Serialized files now loaded: 0)
System memory in use before: 96.5 MB.
System memory in use after: 96.6 MB.

Unloading 17 unused Assets to reduce memory usage. Loaded Objects now: 2621.
Total: 2.414300 ms (FindLiveObjects: 0.203100 ms CreateObjectMapping: 0.068200 ms MarkObjects: 2.095400 ms  DeleteObjects: 0.046800 ms)

========================================================================
Received Prepare
Registering precompiled user dll's ...
Registered in 0.004296 seconds.
Begin MonoManager ReloadAssembly
Native extension for WindowsStandalone target not found
Refreshing native plugins compatible for Editor in 0.72 ms, found 3 plugins.
Preloading 0 native plugins for Editor in 0.00 ms.
Mono: successfully reloaded assembly
- Completed reload, in  0.924 seconds
Platform modules already initialized, skipping
Refreshing native plugins compatible for Editor in 0.46 ms, found 3 plugins.
Preloading 0 native plugins for Editor in 0.00 ms.
Unloading 2074 Unused Serialized files (Serialized files now loaded: 0)
System memory in use before: 96.5 MB.
System memory in use after: 96.6 MB.

Unloading 17 unused Assets to reduce memory usage. Loaded Objects now: 2624.
Total: 2.120300 ms (FindLiveObjects: 0.197600 ms CreateObjectMapping: 0.065300 ms MarkObjects: 1.840800 ms  DeleteObjects: 0.015800 ms)

========================================================================
Received Prepare
Registering precompiled user dll's ...
Registered in 0.004031 seconds.
Begin MonoManager ReloadAssembly
Native extension for WindowsStandalone target not found
Refreshing native plugins compatible for Editor in 0.41 ms, found 3 plugins.
Preloading 0 native plugins for Editor in 0.00 ms.
Mono: successfully reloaded assembly
- Completed reload, in  0.936 seconds
Platform modules already initialized, skipping
Refreshing native plugins compatible for Editor in 0.41 ms, found 3 plugins.
Preloading 0 native plugins for Editor in 0.00 ms.
Unloading 2074 Unused Serialized files (Serialized files now loaded: 0)
System memory in use before: 96.5 MB.
System memory in use after: 96.6 MB.

Unloading 17 unused Assets to reduce memory usage. Loaded Objects now: 2627.
Total: 2.243500 ms (FindLiveObjects: 0.198400 ms CreateObjectMapping: 0.068100 ms MarkObjects: 1.946100 ms  DeleteObjects: 0.030000 ms)

========================================================================
Received Prepare
Registering precompiled user dll's ...
Registered in 0.004069 seconds.
Begin MonoManager ReloadAssembly
Native extension for WindowsStandalone target not found
Refreshing native plugins compatible for Editor in 0.49 ms, found 3 plugins.
Preloading 0 native plugins for Editor in 0.00 ms.
Mono: successfully reloaded assembly
- Completed reload, in  0.953 seconds
Platform modules already initialized, skipping
Refreshing native plugins compatible for Editor in 0.43 ms, found 3 plugins.
Preloading 0 native plugins for Editor in 0.00 ms.
Unloading 2074 Unused Serialized files (Serialized files now loaded: 0)
System memory in use before: 96.5 MB.
System memory in use after: 96.6 MB.

Unloading 17 unused Assets to reduce memory usage. Loaded Objects now: 2630.
Total: 2.486600 ms (FindLiveObjects: 0.220500 ms CreateObjectMapping: 0.074300 ms MarkObjects: 2.175000 ms  DeleteObjects: 0.015900 ms)

========================================================================
Received Import Request.
  Time since last request: 3047.604796 seconds.
  path: Assets/Laser.mat
  artifactKey: Guid(f53d3ba9bcb76c244a82ed62281eae95) Importer(815301076,1909f56bfc062723c751e8b465ee728b)
Start importing Assets/Laser.mat using Guid(f53d3ba9bcb76c244a82ed62281eae95) Importer(815301076,1909f56bfc062723c751e8b465ee728b)  -> (artifact id: '8d9c43630cb843145cd4422a98b5150b') in 0.084835 seconds
  Import took 0.088955 seconds .

========================================================================
Received Import Request.
  Time since last request: 8.248692 seconds.
  path: Assets/RedLaser.mat
  artifactKey: Guid(f53d3ba9bcb76c244a82ed62281eae95) Importer(815301076,1909f56bfc062723c751e8b465ee728b)
Start importing Assets/RedLaser.mat using Guid(f53d3ba9bcb76c244a82ed62281eae95) Importer(815301076,1909f56bfc062723c751e8b465ee728b)  -> (artifact id: '79e4ad7616ac65cd8f792b3ae9f39adb') in 0.013017 seconds
  Import took 0.016582 seconds .

========================================================================
Received Import Request.
  Time since last request: 1941.796089 seconds.
  path: Assets/550-5507063_8-bit-spaceship-png-transparent-png.png
  artifactKey: Guid(9aab0f204c59efb419168af13eeaf981) Importer(815301076,1909f56bfc062723c751e8b465ee728b)
Start importing Assets/550-5507063_8-bit-spaceship-png-transparent-png.png using Guid(9aab0f204c59efb419168af13eeaf981) Importer(815301076,1909f56bfc062723c751e8b465ee728b)  -> (artifact id: '3aeaf8c0563f9607a06f33688564873a') in 0.572156 seconds
  Import took 0.578841 seconds .

========================================================================
Received Import Request.
  Time since last request: 0.000472 seconds.
  path: Assets/Seamless starlight.mat
  artifactKey: Guid(f3aa483725dfcf14a9cdbf7909ab3c44) Importer(815301076,1909f56bfc062723c751e8b465ee728b)
Start importing Assets/Seamless starlight.mat using Guid(f3aa483725dfcf14a9cdbf7909ab3c44) Importer(815301076,1909f56bfc062723c751e8b465ee728b)  -> (artifact id: '1db1940f6e32961b5f09a369689df9c8') in 0.032865 seconds
  Import took 0.038849 seconds .

========================================================================
Received Import Request.
  Time since last request: 0.000328 seconds.
  path: Assets/missile tiny.png
  artifactKey: Guid(e1243db6e43c16a42a9373645530cee3) Importer(815301076,1909f56bfc062723c751e8b465ee728b)
Start importing Assets/missile tiny.png using Guid(e1243db6e43c16a42a9373645530cee3) Importer(815301076,1909f56bfc062723c751e8b465ee728b)  -> (artifact id: '621b020538f075846c0fce6012c32afd') in 0.018526 seconds
  Import took 0.023052 seconds .

========================================================================
Received Import Request.
  Time since last request: 0.000325 seconds.
  path: Assets/missile big.png
  artifactKey: Guid(b5df813c83616934faa668b52808fbc5) Importer(815301076,1909f56bfc062723c751e8b465ee728b)
Start importing Assets/missile big.png using Guid(b5df813c83616934faa668b52808fbc5) Importer(815301076,1909f56bfc062723c751e8b465ee728b)  -> (artifact id: '043ca5a5fb2f1cadb7a2debf81d61915') in 0.025978 seconds
  Import took 0.029588 seconds .

========================================================================
Received Prepare
Registering precompiled user dll's ...
Registered in 0.003889 seconds.
Begin MonoManager ReloadAssembly
Native extension for WindowsStandalone target not found
Refreshing native plugins compatible for Editor in 0.41 ms, found 3 plugins.
Preloading 0 native plugins for Editor in 0.00 ms.
Mono: successfully reloaded assembly
- Completed reload, in  0.923 seconds
Platform modules already initialized, skipping
Refreshing native plugins compatible for Editor in 0.40 ms, found 3 plugins.
Preloading 0 native plugins for Editor in 0.00 ms.
Unloading 2074 Unused Serialized files (Serialized files now loaded: 0)
System memory in use before: 96.6 MB.
System memory in use after: 96.7 MB.

Unloading 17 unused Assets to reduce memory usage. Loaded Objects now: 2640.
Total: 2.328500 ms (FindLiveObjects: 0.249100 ms CreateObjectMapping: 0.072800 ms MarkObjects: 1.966000 ms  DeleteObjects: 0.039500 ms)

========================================================================
Received Prepare
Registering precompiled user dll's ...
Registered in 0.004634 seconds.
Begin MonoManager ReloadAssembly
Native extension for WindowsStandalone target not found
Refreshing native plugins compatible for Editor in 0.40 ms, found 3 plugins.
Preloading 0 native plugins for Editor in 0.00 ms.
Mono: successfully reloaded assembly
- Completed reload, in  0.961 seconds
Platform modules already initialized, skipping
Refreshing native plugins compatible for Editor in 0.42 ms, found 3 plugins.
Preloading 0 native plugins for Editor in 0.00 ms.
Unloading 2074 Unused Serialized files (Serialized files now loaded: 0)
System memory in use before: 96.6 MB.
System memory in use after: 96.7 MB.

Unloading 17 unused Assets to reduce memory usage. Loaded Objects now: 2643.
Total: 2.073300 ms (FindLiveObjects: 0.193000 ms CreateObjectMapping: 0.058500 ms MarkObjects: 1.806300 ms  DeleteObjects: 0.014800 ms)

========================================================================
Received Import Request.
  Time since last request: 219.736648 seconds.
  path: Assets/550-5507063_8-bit-spaceship-png-transparent-png.png
  artifactKey: Guid(9aab0f204c59efb419168af13eeaf981) Importer(815301076,1909f56bfc062723c751e8b465ee728b)
Start importing Assets/550-5507063_8-bit-spaceship-png-transparent-png.png using Guid(9aab0f204c59efb419168af13eeaf981) Importer(815301076,1909f56bfc062723c751e8b465ee728b)  -> (artifact id: '6f0bb5f8fef52ad3faebfa4aac14837a') in 0.042455 seconds
  Import took 0.045803 seconds .

========================================================================
Received Import Request.
  Time since last request: 4.056852 seconds.
  path: Assets/550-5507063_8-bit-spaceship-png-transparent-png.png
  artifactKey: Guid(9aab0f204c59efb419168af13eeaf981) Importer(815301076,1909f56bfc062723c751e8b465ee728b)
Start importing Assets/550-5507063_8-bit-spaceship-png-transparent-png.png using Guid(9aab0f204c59efb419168af13eeaf981) Importer(815301076,1909f56bfc062723c751e8b465ee728b)  -> (artifact id: '2db469b38d2c914f8a7699a611622795') in 0.008826 seconds
  Import took 0.012381 seconds .

========================================================================
Received Prepare
Registering precompiled user dll's ...
Registered in 0.003806 seconds.
Begin MonoManager ReloadAssembly
Native extension for WindowsStandalone target not found
Refreshing native plugins compatible for Editor in 0.41 ms, found 3 plugins.
Preloading 0 native plugins for Editor in 0.00 ms.
Mono: successfully reloaded assembly
- Completed reload, in  0.902 seconds
Platform modules already initialized, skipping
Refreshing native plugins compatible for Editor in 0.41 ms, found 3 plugins.
Preloading 0 native plugins for Editor in 0.00 ms.
Unloading 2074 Unused Serialized files (Serialized files now loaded: 0)
System memory in use before: 96.6 MB.
System memory in use after: 96.7 MB.

Unloading 17 unused Assets to reduce memory usage. Loaded Objects now: 2647.
Total: 2.292300 ms (FindLiveObjects: 0.208200 ms CreateObjectMapping: 0.062300 ms MarkObjects: 1.989900 ms  DeleteObjects: 0.031200 ms)

========================================================================
Received Prepare
Registering precompiled user dll's ...
Registered in 0.003786 seconds.
Begin MonoManager ReloadAssembly
Native extension for WindowsStandalone target not found
Refreshing native plugins compatible for Editor in 0.41 ms, found 3 plugins.
Preloading 0 native plugins for Editor in 0.00 ms.
Mono: successfully reloaded assembly
- Completed reload, in  0.960 seconds
Platform modules already initialized, skipping
Refreshing native plugins compatible for Editor in 0.40 ms, found 3 plugins.
Preloading 0 native plugins for Editor in 0.00 ms.
Unloading 2074 Unused Serialized files (Serialized files now loaded: 0)
System memory in use before: 96.6 MB.
System memory in use after: 96.7 MB.

Unloading 17 unused Assets to reduce memory usage. Loaded Objects now: 2650.
Total: 2.832700 ms (FindLiveObjects: 0.215700 ms CreateObjectMapping: 0.063600 ms MarkObjects: 2.515700 ms  DeleteObjects: 0.036700 ms)

========================================================================
Received Import Request.
  Time since last request: 332.264101 seconds.
  path: Assets/minimap.renderTexture
  artifactKey: Guid(90f72b866deed294fa63e88dc7aabd8d) Importer(815301076,1909f56bfc062723c751e8b465ee728b)
Start importing Assets/minimap.renderTexture using Guid(90f72b866deed294fa63e88dc7aabd8d) Importer(815301076,1909f56bfc062723c751e8b465ee728b)  -> (artifact id: 'b11b7ae25fec50238499feea83c399ea') in 0.040295 seconds
  Import took 0.044508 seconds .

========================================================================
Received Import Request.
  Time since last request: 10.350428 seconds.
  path: Assets/minimapRT.renderTexture
  artifactKey: Guid(90f72b866deed294fa63e88dc7aabd8d) Importer(815301076,1909f56bfc062723c751e8b465ee728b)
Start importing Assets/minimapRT.renderTexture using Guid(90f72b866deed294fa63e88dc7aabd8d) Importer(815301076,1909f56bfc062723c751e8b465ee728b)  -> (artifact id: '52a6247d4306a2afdf2b1bbe9429cf4a') in 0.013574 seconds
  Import took 0.016946 seconds .

========================================================================
Received Prepare
Registering precompiled user dll's ...
Registered in 0.003795 seconds.
Begin MonoManager ReloadAssembly
Native extension for WindowsStandalone target not found
Refreshing native plugins compatible for Editor in 0.41 ms, found 3 plugins.
Preloading 0 native plugins for Editor in 0.00 ms.
Mono: successfully reloaded assembly
- Completed reload, in  0.947 seconds
Platform modules already initialized, skipping
Refreshing native plugins compatible for Editor in 0.40 ms, found 3 plugins.
Preloading 0 native plugins for Editor in 0.00 ms.
Unloading 2074 Unused Serialized files (Serialized files now loaded: 0)
System memory in use before: 96.7 MB.
System memory in use after: 96.8 MB.

Unloading 17 unused Assets to reduce memory usage. Loaded Objects now: 2655.
Total: 2.328800 ms (FindLiveObjects: 0.219500 ms CreateObjectMapping: 0.067600 ms MarkObjects: 1.998700 ms  DeleteObjects: 0.041800 ms)

========================================================================
Received Prepare
Registering precompiled user dll's ...
Registered in 0.004419 seconds.
Begin MonoManager ReloadAssembly
Native extension for WindowsStandalone target not found
Refreshing native plugins compatible for Editor in 0.42 ms, found 3 plugins.
Preloading 0 native plugins for Editor in 0.00 ms.
Mono: successfully reloaded assembly
- Completed reload, in  0.985 seconds
Platform modules already initialized, skipping
Refreshing native plugins compatible for Editor in 0.41 ms, found 3 plugins.
Preloading 0 native plugins for Editor in 0.00 ms.
Unloading 2074 Unused Serialized files (Serialized files now loaded: 0)
System memory in use before: 96.7 MB.
System memory in use after: 96.8 MB.

Unloading 17 unused Assets to reduce memory usage. Loaded Objects now: 2658.
Total: 2.166500 ms (FindLiveObjects: 0.235500 ms CreateObjectMapping: 0.060700 ms MarkObjects: 1.854700 ms  DeleteObjects: 0.014900 ms)

========================================================================
Received Import Request.
  Time since last request: 607.589320 seconds.
  path: ProjectSettings/TagManager.asset
  artifactKey: Guid(00000000000000003000000000000000) Importer(815301076,1909f56bfc062723c751e8b465ee728b)
Start importing ProjectSettings/TagManager.asset using Guid(00000000000000003000000000000000) Importer(815301076,1909f56bfc062723c751e8b465ee728b)  -> (artifact id: 'c71affd29517c92e974b04931341a92e') in 0.018915 seconds
  Import took 0.022295 seconds .

========================================================================
Received Import Request.
  Time since last request: 0.000323 seconds.
  path: ProjectSettings/TagManager.asset
  artifactKey: Guid(00000000000000003000000000000000) Importer(815301076,1909f56bfc062723c751e8b465ee728b)
Start importing ProjectSettings/TagManager.asset using Guid(00000000000000003000000000000000) Importer(815301076,1909f56bfc062723c751e8b465ee728b)  -> (artifact id: 'c71affd29517c92e974b04931341a92e') in 0.002585 seconds
  Import took 0.005634 seconds .

========================================================================
Received Import Request.
  Time since last request: 29.385949 seconds.
  path: Assets/Prefabs
  artifactKey: Guid(650e9c158e0caca439cbf0048dc971f0) Importer(815301076,1909f56bfc062723c751e8b465ee728b)
Start importing Assets/Prefabs using Guid(650e9c158e0caca439cbf0048dc971f0) Importer(815301076,1909f56bfc062723c751e8b465ee728b)  -> (artifact id: '7fec7cf1c2a611bf26660e2ad4b745fc') in 0.003474 seconds
  Import took 0.006724 seconds .

========================================================================
Received Import Request.
  Time since last request: 2.405114 seconds.
  path: Assets/Prefabs/Asteroid.prefab
  artifactKey: Guid(56867b3e568b26d47af375dc573b50a1) Importer(815301076,1909f56bfc062723c751e8b465ee728b)
Start importing Assets/Prefabs/Asteroid.prefab using Guid(56867b3e568b26d47af375dc573b50a1) Importer(815301076,1909f56bfc062723c751e8b465ee728b)  -> (artifact id: 'd5b91751f143ea92bb63901762e44e26') in 0.055119 seconds
  Import took 0.058395 seconds .

========================================================================
Received Import Request.
  Time since last request: 37.147917 seconds.
  path: Assets/Prefabs/Asteroid.prefab
  artifactKey: Guid(56867b3e568b26d47af375dc573b50a1) Importer(815301076,1909f56bfc062723c751e8b465ee728b)
Start importing Assets/Prefabs/Asteroid.prefab using Guid(56867b3e568b26d47af375dc573b50a1) Importer(815301076,1909f56bfc062723c751e8b465ee728b)  -> (artifact id: '0b91328818675e72e7a550f40fcd80f4') in 0.019300 seconds
  Import took 0.023681 seconds .

========================================================================
Received Import Request.
  Time since last request: 3.269728 seconds.
  path: Assets/Prefabs/Asteroid.prefab
  artifactKey: Guid(56867b3e568b26d47af375dc573b50a1) Importer(815301076,1909f56bfc062723c751e8b465ee728b)
Start importing Assets/Prefabs/Asteroid.prefab using Guid(56867b3e568b26d47af375dc573b50a1) Importer(815301076,1909f56bfc062723c751e8b465ee728b)  -> (artifact id: 'a5c852a46df36750102c040fe66058cb') in 0.013536 seconds
  Import took 0.017152 seconds .

========================================================================
Received Import Request.
  Time since last request: 5.845828 seconds.
  path: Assets/Prefabs/Asteroid.prefab
  artifactKey: Guid(56867b3e568b26d47af375dc573b50a1) Importer(815301076,1909f56bfc062723c751e8b465ee728b)
Start importing Assets/Prefabs/Asteroid.prefab using Guid(56867b3e568b26d47af375dc573b50a1) Importer(815301076,1909f56bfc062723c751e8b465ee728b)  -> (artifact id: '84443edb71942ecc1fd79f73839ebc34') in 0.012584 seconds
  Import took 0.016312 seconds .

========================================================================
Received Import Request.
  Time since last request: 71.959957 seconds.
  path: Assets/Prefabs/Asteroid.prefab
  artifactKey: Guid(56867b3e568b26d47af375dc573b50a1) Importer(815301076,1909f56bfc062723c751e8b465ee728b)
Start importing Assets/Prefabs/Asteroid.prefab using Guid(56867b3e568b26d47af375dc573b50a1) Importer(815301076,1909f56bfc062723c751e8b465ee728b)  -> (artifact id: 'fdfd3c81aca741a53fc0b0cc5f6e8a1f') in 0.016277 seconds
  Import took 0.020097 seconds .

========================================================================
Received Import Request.
  Time since last request: 7.429220 seconds.
  path: Assets/Prefabs/Asteroid.prefab
  artifactKey: Guid(56867b3e568b26d47af375dc573b50a1) Importer(815301076,1909f56bfc062723c751e8b465ee728b)
Start importing Assets/Prefabs/Asteroid.prefab using Guid(56867b3e568b26d47af375dc573b50a1) Importer(815301076,1909f56bfc062723c751e8b465ee728b)  -> (artifact id: '58975c0f21458df50cc3fd23650b71e2') in 0.013552 seconds
  Import took 0.017417 seconds .

========================================================================
Received Import Request.
  Time since last request: 2.865356 seconds.
  path: Assets/Prefabs/Asteroid.prefab
  artifactKey: Guid(56867b3e568b26d47af375dc573b50a1) Importer(815301076,1909f56bfc062723c751e8b465ee728b)
Start importing Assets/Prefabs/Asteroid.prefab using Guid(56867b3e568b26d47af375dc573b50a1) Importer(815301076,1909f56bfc062723c751e8b465ee728b)  -> (artifact id: '124be9d991c625d0a2c34b125d855f3f') in 0.013198 seconds
  Import took 0.017153 seconds .

========================================================================
Received Import Request.
  Time since last request: 4.136263 seconds.
  path: Assets/Prefabs/Asteroid.prefab
  artifactKey: Guid(56867b3e568b26d47af375dc573b50a1) Importer(815301076,1909f56bfc062723c751e8b465ee728b)
Start importing Assets/Prefabs/Asteroid.prefab using Guid(56867b3e568b26d47af375dc573b50a1) Importer(815301076,1909f56bfc062723c751e8b465ee728b)  -> (artifact id: '029cb4dbb2f784ae0cb97d7d21422cf1') in 0.013628 seconds
  Import took 0.017341 seconds .

========================================================================
Received Import Request.
  Time since last request: 10.302707 seconds.
  path: Assets/Prefabs/Asteroid.prefab
  artifactKey: Guid(56867b3e568b26d47af375dc573b50a1) Importer(815301076,1909f56bfc062723c751e8b465ee728b)
Start importing Assets/Prefabs/Asteroid.prefab using Guid(56867b3e568b26d47af375dc573b50a1) Importer(815301076,1909f56bfc062723c751e8b465ee728b)  -> (artifact id: '68ad3816dd07a542cd5a6ba729a8a018') in 0.007942 seconds
  Import took 0.011473 seconds .

========================================================================
Received Import Request.
  Time since last request: 15.283010 seconds.
  path: Assets/Prefabs/Asteroid.prefab
  artifactKey: Guid(56867b3e568b26d47af375dc573b50a1) Importer(815301076,1909f56bfc062723c751e8b465ee728b)
Start importing Assets/Prefabs/Asteroid.prefab using Guid(56867b3e568b26d47af375dc573b50a1) Importer(815301076,1909f56bfc062723c751e8b465ee728b)  -> (artifact id: 'be8c0d9aa0814344054de37ec1313d95') in 0.009666 seconds
  Import took 0.014156 seconds .

========================================================================
Received Import Request.
  Time since last request: 7.779687 seconds.
  path: Assets/Prefabs/Asteroid.prefab
  artifactKey: Guid(56867b3e568b26d47af375dc573b50a1) Importer(815301076,1909f56bfc062723c751e8b465ee728b)
Start importing Assets/Prefabs/Asteroid.prefab using Guid(56867b3e568b26d47af375dc573b50a1) Importer(815301076,1909f56bfc062723c751e8b465ee728b)  -> (artifact id: '95f214c97d7ed1e17840268e7f39e6a1') in 0.013929 seconds
  Import took 0.017877 seconds .

========================================================================
Received Import Request.
  Time since last request: 5.929873 seconds.
  path: Assets/Prefabs/Asteroid.prefab
  artifactKey: Guid(56867b3e568b26d47af375dc573b50a1) Importer(815301076,1909f56bfc062723c751e8b465ee728b)
Start importing Assets/Prefabs/Asteroid.prefab using Guid(56867b3e568b26d47af375dc573b50a1) Importer(815301076,1909f56bfc062723c751e8b465ee728b)  -> (artifact id: '7db2fef9b384341d16793d5c6327bd3e') in 0.010087 seconds
  Import took 0.013853 seconds .

========================================================================
Received Import Request.
  Time since last request: 37.128178 seconds.
  path: Assets/Prefabs/Asteroid.prefab
  artifactKey: Guid(56867b3e568b26d47af375dc573b50a1) Importer(815301076,1909f56bfc062723c751e8b465ee728b)
Start importing Assets/Prefabs/Asteroid.prefab using Guid(56867b3e568b26d47af375dc573b50a1) Importer(815301076,1909f56bfc062723c751e8b465ee728b)  -> (artifact id: '528cfeb1d8255452b6ebd6004492bca8') in 0.010074 seconds
  Import took 0.014723 seconds .

========================================================================
Received Import Request.
  Time since last request: 39.849691 seconds.
  path: Assets/Prefabs/player_GameObject.prefab
  artifactKey: Guid(dca55c7fc97868245af2e2b850fe7836) Importer(815301076,1909f56bfc062723c751e8b465ee728b)
Start importing Assets/Prefabs/player_GameObject.prefab using Guid(dca55c7fc97868245af2e2b850fe7836) Importer(815301076,1909f56bfc062723c751e8b465ee728b)  -> (artifact id: 'e48a0be24a6514b5ed44a5a10d0d72b9') in 0.013031 seconds
  Import took 0.016609 seconds .

========================================================================
Received Import Request.
  Time since last request: 10.780994 seconds.
  path: Assets/Prefabs/player_GameObject.prefab
  artifactKey: Guid(dca55c7fc97868245af2e2b850fe7836) Importer(815301076,1909f56bfc062723c751e8b465ee728b)
Start importing Assets/Prefabs/player_GameObject.prefab using Guid(dca55c7fc97868245af2e2b850fe7836) Importer(815301076,1909f56bfc062723c751e8b465ee728b)  -> (artifact id: '8931319270d313c73d7afbe81e857f5d') in 0.009046 seconds
  Import took 0.013458 seconds .

========================================================================
Received Import Request.
  Time since last request: 4.090497 seconds.
  path: Assets/Prefabs/player_GameObject.prefab
  artifactKey: Guid(dca55c7fc97868245af2e2b850fe7836) Importer(815301076,1909f56bfc062723c751e8b465ee728b)
Start importing Assets/Prefabs/player_GameObject.prefab using Guid(dca55c7fc97868245af2e2b850fe7836) Importer(815301076,1909f56bfc062723c751e8b465ee728b)  -> (artifact id: '04c07c2e4d75a525236e05369074ab54') in 0.010201 seconds
  Import took 0.014359 seconds .

========================================================================
Received Import Request.
  Time since last request: 2.783211 seconds.
  path: Assets/Prefabs/player_GameObject.prefab
  artifactKey: Guid(dca55c7fc97868245af2e2b850fe7836) Importer(815301076,1909f56bfc062723c751e8b465ee728b)
Start importing Assets/Prefabs/player_GameObject.prefab using Guid(dca55c7fc97868245af2e2b850fe7836) Importer(815301076,1909f56bfc062723c751e8b465ee728b)  -> (artifact id: '01a996cc36be4754cec111563d91566b') in 0.008457 seconds
  Import took 0.011982 seconds .

========================================================================
Received Import Request.
  Time since last request: 5.829482 seconds.
  path: Assets/Prefabs/player_GameObject.prefab
  artifactKey: Guid(dca55c7fc97868245af2e2b850fe7836) Importer(815301076,1909f56bfc062723c751e8b465ee728b)
Start importing Assets/Prefabs/player_GameObject.prefab using Guid(dca55c7fc97868245af2e2b850fe7836) Importer(815301076,1909f56bfc062723c751e8b465ee728b)  -> (artifact id: '20cc0c1d748aa2fe43a483875382aae0') in 0.012384 seconds
  Import took 0.016022 seconds .

========================================================================
Received Import Request.
  Time since last request: 9.922133 seconds.
  path: Assets/Prefabs/player_GameObject.prefab
  artifactKey: Guid(dca55c7fc97868245af2e2b850fe7836) Importer(815301076,1909f56bfc062723c751e8b465ee728b)
Start importing Assets/Prefabs/player_GameObject.prefab using Guid(dca55c7fc97868245af2e2b850fe7836) Importer(815301076,1909f56bfc062723c751e8b465ee728b)  -> (artifact id: 'c8a1dab72a8495f32323333198a1f641') in 0.011827 seconds
  Import took 0.015998 seconds .

========================================================================
Received Prepare
Registering precompiled user dll's ...
Registered in 0.004683 seconds.
Begin MonoManager ReloadAssembly
Native extension for WindowsStandalone target not found
Refreshing native plugins compatible for Editor in 0.40 ms, found 3 plugins.
Preloading 0 native plugins for Editor in 0.00 ms.
Mono: successfully reloaded assembly
- Completed reload, in  0.957 seconds
Platform modules already initialized, skipping
Refreshing native plugins compatible for Editor in 0.53 ms, found 3 plugins.
Preloading 0 native plugins for Editor in 0.00 ms.
Unloading 2074 Unused Serialized files (Serialized files now loaded: 0)
System memory in use before: 96.8 MB.
System memory in use after: 96.9 MB.

Unloading 27 unused Assets to reduce memory usage. Loaded Objects now: 2662.
Total: 2.474900 ms (FindLiveObjects: 0.313900 ms CreateObjectMapping: 0.096700 ms MarkObjects: 1.934000 ms  DeleteObjects: 0.129400 ms)

========================================================================
Received Prepare
Registering precompiled user dll's ...
Registered in 0.004736 seconds.
Begin MonoManager ReloadAssembly
Native extension for WindowsStandalone target not found
Refreshing native plugins compatible for Editor in 0.55 ms, found 3 plugins.
Preloading 0 native plugins for Editor in 0.00 ms.
Mono: successfully reloaded assembly
- Completed reload, in  0.987 seconds
Platform modules already initialized, skipping
Refreshing native plugins compatible for Editor in 0.40 ms, found 3 plugins.
Preloading 0 native plugins for Editor in 0.00 ms.
Unloading 2074 Unused Serialized files (Serialized files now loaded: 0)
System memory in use before: 96.8 MB.
System memory in use after: 96.9 MB.

Unloading 17 unused Assets to reduce memory usage. Loaded Objects now: 2665.
Total: 2.068200 ms (FindLiveObjects: 0.216100 ms CreateObjectMapping: 0.093100 ms MarkObjects: 1.742000 ms  DeleteObjects: 0.016000 ms)

========================================================================
Received Import Request.
  Time since last request: 753.938410 seconds.
  path: Assets/minimapRT.renderTexture
  artifactKey: Guid(90f72b866deed294fa63e88dc7aabd8d) Importer(815301076,1909f56bfc062723c751e8b465ee728b)
Start importing Assets/minimapRT.renderTexture using Guid(90f72b866deed294fa63e88dc7aabd8d) Importer(815301076,1909f56bfc062723c751e8b465ee728b)  -> (artifact id: 'da1c6869c302eef87b03f88cd91d9da1') in 0.034218 seconds
  Import took 0.039935 seconds .

========================================================================
Received Import Request.
  Time since last request: 12.355876 seconds.
  path: Assets/Sprite
  artifactKey: Guid(9c034fdd64d6a904a90a03ec685a58cc) Importer(815301076,1909f56bfc062723c751e8b465ee728b)
Start importing Assets/Sprite using Guid(9c034fdd64d6a904a90a03ec685a58cc) Importer(815301076,1909f56bfc062723c751e8b465ee728b)  -> (artifact id: 'd583ef13de943afa05e7d2dd91156b9e') in 0.006462 seconds
  Import took 0.009647 seconds .

========================================================================
Received Import Request.
  Time since last request: 5.465105 seconds.
  path: Assets/Sprite/missile big.png
  artifactKey: Guid(c1af0b211fbdf5a4f94b8dc224524b1b) Importer(815301076,1909f56bfc062723c751e8b465ee728b)
Start importing Assets/Sprite/missile big.png using Guid(c1af0b211fbdf5a4f94b8dc224524b1b) Importer(815301076,1909f56bfc062723c751e8b465ee728b)  -> (artifact id: '77c1e7b8facee9dedd2a3bf143650619') in 0.029856 seconds
  Import took 0.037566 seconds .

========================================================================
Received Import Request.
  Time since last request: 113.409325 seconds.
  path: Assets/circle mask.png
  artifactKey: Guid(a1748b2487c305841aa8a561daf160b9) Importer(815301076,1909f56bfc062723c751e8b465ee728b)
Start importing Assets/circle mask.png using Guid(a1748b2487c305841aa8a561daf160b9) Importer(815301076,1909f56bfc062723c751e8b465ee728b)  -> (artifact id: 'e7fe4811baeb2832cc4983ea3201535a') in 0.019864 seconds
  Import took 0.024276 seconds .

========================================================================
Received Import Request.
  Time since last request: 0.003029 seconds.
  path: Assets/circle mask.png
  artifactKey: Guid(a1748b2487c305841aa8a561daf160b9) Importer(815301076,1909f56bfc062723c751e8b465ee728b)
Start importing Assets/circle mask.png using Guid(a1748b2487c305841aa8a561daf160b9) Importer(815301076,1909f56bfc062723c751e8b465ee728b)  -> (artifact id: 'e7fe4811baeb2832cc4983ea3201535a') in 0.009284 seconds
  Import took 0.012705 seconds .

========================================================================
Received Prepare
Registering precompiled user dll's ...
Registered in 0.003817 seconds.
Begin MonoManager ReloadAssembly
Native extension for WindowsStandalone target not found
Refreshing native plugins compatible for Editor in 0.41 ms, found 3 plugins.
Preloading 0 native plugins for Editor in 0.00 ms.
Mono: successfully reloaded assembly
- Completed reload, in  0.891 seconds
Platform modules already initialized, skipping
Refreshing native plugins compatible for Editor in 0.41 ms, found 3 plugins.
Preloading 0 native plugins for Editor in 0.00 ms.
Unloading 2074 Unused Serialized files (Serialized files now loaded: 0)
System memory in use before: 96.7 MB.
System memory in use after: 96.8 MB.

Unloading 17 unused Assets to reduce memory usage. Loaded Objects now: 2669.
Total: 2.287200 ms (FindLiveObjects: 0.209100 ms CreateObjectMapping: 0.063800 ms MarkObjects: 1.971100 ms  DeleteObjects: 0.042500 ms)

========================================================================
Received Prepare
Registering precompiled user dll's ...
Registered in 0.003887 seconds.
Begin MonoManager ReloadAssembly
Native extension for WindowsStandalone target not found
Refreshing native plugins compatible for Editor in 0.40 ms, found 3 plugins.
Preloading 0 native plugins for Editor in 0.00 ms.
Mono: successfully reloaded assembly
- Completed reload, in  0.949 seconds
Platform modules already initialized, skipping
Refreshing native plugins compatible for Editor in 0.52 ms, found 3 plugins.
Preloading 0 native plugins for Editor in 0.00 ms.
Unloading 2074 Unused Serialized files (Serialized files now loaded: 0)
System memory in use before: 96.7 MB.
System memory in use after: 96.8 MB.

Unloading 17 unused Assets to reduce memory usage. Loaded Objects now: 2672.
Total: 2.907900 ms (FindLiveObjects: 0.368000 ms CreateObjectMapping: 0.096800 ms MarkObjects: 2.402800 ms  DeleteObjects: 0.038800 ms)

========================================================================
Received Prepare
Registering precompiled user dll's ...
Registered in 0.004108 seconds.
Begin MonoManager ReloadAssembly
Native extension for WindowsStandalone target not found
Refreshing native plugins compatible for Editor in 0.41 ms, found 3 plugins.
Preloading 0 native plugins for Editor in 0.00 ms.
Mono: successfully reloaded assembly
- Completed reload, in  0.971 seconds
Platform modules already initialized, skipping
Refreshing native plugins compatible for Editor in 0.44 ms, found 3 plugins.
Preloading 0 native plugins for Editor in 0.00 ms.
Unloading 2074 Unused Serialized files (Serialized files now loaded: 0)
System memory in use before: 96.7 MB.
System memory in use after: 96.9 MB.

Unloading 17 unused Assets to reduce memory usage. Loaded Objects now: 2675.
Total: 2.195800 ms (FindLiveObjects: 0.196200 ms CreateObjectMapping: 0.058800 ms MarkObjects: 1.924100 ms  DeleteObjects: 0.015800 ms)

AssetImportWorkerClient::OnTransportError - code=2 error=End of file
